<?xml version="1.0" encoding="UTF-8"?>
<testsuite xmlns:xsi="http://www.w3.org/2001/XMLSchema-instance" xsi:noNamespaceSchemaLocation="https://maven.apache.org/surefire/maven-surefire-plugin/xsd/surefire-test-report-3.0.xsd" version="3.0" name="TestSuite" time="3.224" tests="73" errors="0" skipped="0" failures="0">
  <properties>
    <property name="java.specification.version" value="21"/>
    <property name="sun.cpu.isalist" value="amd64"/>
    <property name="sun.jnu.encoding" value="Cp1252"/>
    <property name="java.class.path" value="Y:\Eeveelution\UWaterloo\off-term\Spring Framework\book\chapter03\target\test-classes;Y:\Eeveelution\UWaterloo\off-term\Spring Framework\book\chapter03\target\classes;C:\Users\farms\.m2\repository\org\springframework\spring-core\6.0.10\spring-core-6.0.10.jar;C:\Users\farms\.m2\repository\org\springframework\spring-jcl\6.0.10\spring-jcl-6.0.10.jar;C:\Users\farms\.m2\repository\org\springframework\spring-context\6.0.10\spring-context-6.0.10.jar;C:\Users\farms\.m2\repository\org\springframework\spring-aop\6.0.10\spring-aop-6.0.10.jar;C:\Users\farms\.m2\repository\org\springframework\spring-beans\6.0.10\spring-beans-6.0.10.jar;C:\Users\farms\.m2\repository\org\springframework\spring-expression\6.0.10\spring-expression-6.0.10.jar;C:\Users\farms\.m2\repository\org\testng\testng\7.8.0\testng-7.8.0.jar;C:\Users\farms\.m2\repository\org\slf4j\slf4j-api\2.0.7\slf4j-api-2.0.7.jar;C:\Users\farms\.m2\repository\com\beust\jcommander\1.82\jcommander-1.82.jar;C:\Users\farms\.m2\repository\org\webjars\jquery\3.6.1\jquery-3.6.1.jar;C:\Users\farms\.m2\repository\org\springframework\spring-test\6.0.10\spring-test-6.0.10.jar;"/>
    <property name="java.vm.vendor" value="Eclipse Adoptium"/>
    <property name="sun.arch.data.model" value="64"/>
    <property name="user.variant" value=""/>
    <property name="java.vendor.url" value="https://adoptium.net/"/>
    <property name="user.timezone" value="America/Toronto"/>
    <property name="os.name" value="Windows 11"/>
    <property name="java.vm.specification.version" value="21"/>
    <property name="sun.java.launcher" value="SUN_STANDARD"/>
    <property name="user.country" value="CA"/>
    <property name="sun.boot.library.path" value="C:\Program Files\Eclipse Adoptium\jdk-21.0.2.13-hotspot\bin"/>
    <property name="sun.java.command" value="C:\Users\farms\AppData\Local\Temp\surefire5915939497938786496\surefirebooter-20240724011703840_3.jar C:\Users\farms\AppData\Local\Temp\surefire5915939497938786496 2024-07-24T01-17-03_694-jvmRun1 surefire-20240724011703840_1tmp surefire_0-20240724011703840_2tmp"/>
    <property name="jdk.debug" value="release"/>
    <property name="surefire.test.class.path" value="Y:\Eeveelution\UWaterloo\off-term\Spring Framework\book\chapter03\target\test-classes;Y:\Eeveelution\UWaterloo\off-term\Spring Framework\book\chapter03\target\classes;C:\Users\farms\.m2\repository\org\springframework\spring-core\6.0.10\spring-core-6.0.10.jar;C:\Users\farms\.m2\repository\org\springframework\spring-jcl\6.0.10\spring-jcl-6.0.10.jar;C:\Users\farms\.m2\repository\org\springframework\spring-context\6.0.10\spring-context-6.0.10.jar;C:\Users\farms\.m2\repository\org\springframework\spring-aop\6.0.10\spring-aop-6.0.10.jar;C:\Users\farms\.m2\repository\org\springframework\spring-beans\6.0.10\spring-beans-6.0.10.jar;C:\Users\farms\.m2\repository\org\springframework\spring-expression\6.0.10\spring-expression-6.0.10.jar;C:\Users\farms\.m2\repository\org\testng\testng\7.8.0\testng-7.8.0.jar;C:\Users\farms\.m2\repository\org\slf4j\slf4j-api\2.0.7\slf4j-api-2.0.7.jar;C:\Users\farms\.m2\repository\com\beust\jcommander\1.82\jcommander-1.82.jar;C:\Users\farms\.m2\repository\org\webjars\jquery\3.6.1\jquery-3.6.1.jar;C:\Users\farms\.m2\repository\org\springframework\spring-test\6.0.10\spring-test-6.0.10.jar;"/>
    <property name="sun.cpu.endian" value="little"/>
    <property name="user.home" value="C:\Users\farms"/>
    <property name="user.language" value="en"/>
    <property name="java.specification.vendor" value="Oracle Corporation"/>
    <property name="java.version.date" value="2024-01-16"/>
    <property name="java.home" value="C:\Program Files\Eclipse Adoptium\jdk-21.0.2.13-hotspot"/>
    <property name="file.separator" value="\"/>
    <property name="basedir" value="Y:\Eeveelution\UWaterloo\off-term\Spring Framework\book\chapter03"/>
    <property name="java.vm.compressedOopsMode" value="Zero based"/>
    <property name="line.separator" value="&#10;"/>
    <property name="java.vm.specification.vendor" value="Oracle Corporation"/>
    <property name="java.specification.name" value="Java Platform API Specification"/>
    <property name="surefire.real.class.path" value="C:\Users\farms\AppData\Local\Temp\surefire5915939497938786496\surefirebooter-20240724011703840_3.jar"/>
    <property name="user.script" value=""/>
    <property name="sun.management.compiler" value="HotSpot 64-Bit Tiered Compilers"/>
    <property name="java.runtime.version" value="21.0.2+13-LTS"/>
    <property name="user.name" value="farms"/>
    <property name="stdout.encoding" value="Cp1252"/>
    <property name="path.separator" value=";"/>
    <property name="os.version" value="10.0"/>
    <property name="java.runtime.name" value="OpenJDK Runtime Environment"/>
    <property name="file.encoding" value="UTF-8"/>
    <property name="java.vm.name" value="OpenJDK 64-Bit Server VM"/>
    <property name="java.vendor.version" value="Temurin-21.0.2+13"/>
    <property name="localRepository" value="C:\Users\farms\.m2\repository"/>
    <property name="java.vendor.url.bug" value="https://github.com/adoptium/adoptium-support/issues"/>
    <property name="java.io.tmpdir" value="C:\Users\farms\AppData\Local\Temp\"/>
    <property name="java.version" value="21.0.2"/>
    <property name="user.dir" value="Y:\Eeveelution\UWaterloo\off-term\Spring Framework\book\chapter03"/>
    <property name="os.arch" value="amd64"/>
    <property name="java.vm.specification.name" value="Java Virtual Machine Specification"/>
    <property name="sun.os.patch.level" value=""/>
    <property name="native.encoding" value="Cp1252"/>
    <property name="java.library.path" value="C:\Program Files\Eclipse Adoptium\jdk-21.0.2.13-hotspot\bin;C:\Windows\Sun\Java\bin;C:\Windows\system32;C:\Windows;;C:\Program Files\Eclipse Adoptium\jdk-21.0.2.13-hotspot\bin;C:\Windows\system32;C:\Windows;C:\Windows\System32\Wbem;C:\Windows\System32\WindowsPowerShell\v1.0\;C:\Windows\System32\OpenSSH\;C:\Program Files (x86)\NVIDIA Corporation\PhysX\Common;C:\Program Files (x86)\Windows Kits\10\Windows Performance Toolkit\;C:\Program Files\nodejs\;C:\Program Files\Git\cmd;C:\Users\farms\AppData\Local\Microsoft\WindowsApps;C:\Users\farms\AppData\Local\Programs\Microsoft VS Code\bin;C:\msys64\ucrt64\bin;C:\Program Files (x86)\GnuWin32\bin;C:\Users\farms\AppData\Roaming\npm;Y:\apache-maven-3.9.8\bin;;."/>
    <property name="java.vm.info" value="mixed mode, sharing"/>
    <property name="stderr.encoding" value="Cp1252"/>
    <property name="java.vendor" value="Eclipse Adoptium"/>
    <property name="java.vm.version" value="21.0.2+13-LTS"/>
    <property name="sun.io.unicode.encoding" value="UnicodeLittle"/>
    <property name="java.class.version" value="65.0"/>
  </properties>
  <testcase name="testCappyNormalization[    IN   THIS   WORLD,  IT    IS KILL  or BE KILLED!      , In This World, It Is Kill Or Be Killed!](1)" classname="com.farms4life2016.chapter03.TestCappyNormalizer" time="0.003">
    <system-err><![CDATA[SLF4J: No SLF4J providers were found.
SLF4J: Defaulting to no-operation (NOP) logger implementation
SLF4J: See https://www.slf4j.org/codes.html#noProviders for further details.
]]></system-err>
  </testcase>
  <testcase name="testCappyNormalization[Germany, Germany](2)" classname="com.farms4life2016.chapter03.TestCappyNormalizer" time="0.001"/>
  <testcase name="testCappyNormalization[A dog             2 3  4 lmao   , A Dog 2 3 4 Lmao](3)" classname="com.farms4life2016.chapter03.TestCappyNormalizer" time="0.0"/>
  <testcase name="validateResourceExistence[waifumonServicesTests](1)" classname="com.farms4life2016.chapter03.TestConfigurationImport" time="0.004"/>
  <testcase name="validateResourceExistence[class com.farms4life2016.chapter03.WaifumonServicesTests](2)" classname="com.farms4life2016.chapter03.TestConfigurationImport" time="0.002"/>
  <testcase name="validateResourceExistence[second](3)" classname="com.farms4life2016.chapter03.TestConfigurationImport" time="0.0"/>
  <testcase name="validateResourceExistence[cappy](4)" classname="com.farms4life2016.chapter03.TestConfigurationImport" time="0.001"/>
  <testcase name="validateResourceExistence[class com.farms4life2016.chapter03.mem03.SecondNormalizer](5)" classname="com.farms4life2016.chapter03.TestConfigurationImport" time="0.0"/>
  <testcase name="validateResourceExistence[class com.farms4life2016.chapter03.mem03.CappyNormalizer](6)" classname="com.farms4life2016.chapter03.TestConfigurationImport" time="0.001"/>
  <testcase name="validateResourceExistence[waifumonService4](7)" classname="com.farms4life2016.chapter03.TestConfigurationImport" time="0.006"/>
  <testcase name="testConfiguration" classname="com.farms4life2016.chapter03.TestWaifumonService1" time="0.001"/>
  <testcase name="testWaifumonService" classname="com.farms4life2016.chapter03.TestWaifumonService1" time="0.004"/>
  <testcase name="testMatchingCandidateNames" classname="com.farms4life2016.chapter03.TestWaifumonService2" time="0.004"/>
  <testcase name="testMatchingReasonExplainationsForCandidate" classname="com.farms4life2016.chapter03.TestWaifumonService2" time="0.003"/>
  <testcase name="testReasonVoting" classname="com.farms4life2016.chapter03.TestWaifumonService2" time="0.002"/>
  <testcase name="testReasonsForCandidate" classname="com.farms4life2016.chapter03.TestWaifumonService2" time="0.002"/>
  <testcase name="testMatchingCandidateNames" classname="com.farms4life2016.chapter03.TestWaifumonService3" time="0.0"/>
  <testcase name="testMatchingReasonExplainationsForCandidate" classname="com.farms4life2016.chapter03.TestWaifumonService3" time="0.0"/>
  <testcase name="testReasonVoting" classname="com.farms4life2016.chapter03.TestWaifumonService3" time="0.0"/>
  <testcase name="testReasonsForCandidate" classname="com.farms4life2016.chapter03.TestWaifumonService3" time="0.0"/>
  <testcase name="testMatchingCandidateNames" classname="com.farms4life2016.chapter03.TestWaifumonServices4" time="0.001"/>
  <testcase name="testMatchingReasonExplainationsForCandidate" classname="com.farms4life2016.chapter03.TestWaifumonServices4" time="0.0"/>
  <testcase name="testReasonVoting" classname="com.farms4life2016.chapter03.TestWaifumonServices4" time="0.0"/>
  <testcase name="testReasonsForCandidate" classname="com.farms4life2016.chapter03.TestWaifumonServices4" time="0.0"/>
  <testcase name="testMatchingCandidateNames" classname="com.farms4life2016.chapter03.TestWaifumonServices5" time="0.0"/>
  <testcase name="testMatchingReasonExplainationsForCandidate" classname="com.farms4life2016.chapter03.TestWaifumonServices5" time="0.001"/>
  <testcase name="testReasonVoting" classname="com.farms4life2016.chapter03.TestWaifumonServices5" time="0.001"/>
  <testcase name="testReasonsForCandidate" classname="com.farms4life2016.chapter03.TestWaifumonServices5" time="0.001"/>
  <testcase name="testMatchingCandidateNames" classname="com.farms4life2016.chapter03.TestWaifumonServices6" time="0.001"/>
  <testcase name="testMatchingReasonExplainationsForCandidate" classname="com.farms4life2016.chapter03.TestWaifumonServices6" time="0.001"/>
  <testcase name="testReasonVoting" classname="com.farms4life2016.chapter03.TestWaifumonServices6" time="0.001"/>
  <testcase name="testReasonsForCandidate" classname="com.farms4life2016.chapter03.TestWaifumonServices6" time="0.001"/>
  <testcase name="testMatchingCandidateNames[/config-01.xml](1)" classname="com.farms4life2016.chapter03.TestWaifumonServicesAll" time="0.076"/>
  <testcase name="testMatchingCandidateNames[/config-02.xml](2)" classname="com.farms4life2016.chapter03.TestWaifumonServicesAll" time="0.084"/>
  <testcase name="testMatchingCandidateNames[/config-03.xml](3)" classname="com.farms4life2016.chapter03.TestWaifumonServicesAll" time="0.049"/>
  <testcase name="testMatchingCandidateNames[/config-04.xml](4)" classname="com.farms4life2016.chapter03.TestWaifumonServicesAll" time="0.081"/>
  <testcase name="testMatchingCandidateNames[/config-05.xml](5)" classname="com.farms4life2016.chapter03.TestWaifumonServicesAll" time="0.066"/>
  <testcase name="testMatchingCandidateNames[/config-06.xml](6)" classname="com.farms4life2016.chapter03.TestWaifumonServicesAll" time="0.023"/>
  <testcase name="testMatchingCandidateNames[class com.farms4life2016.chapter03.Configuration7](7)" classname="com.farms4life2016.chapter03.TestWaifumonServicesAll" time="0.069"/>
  <testcase name="testMatchingCandidateNames[class com.farms4life2016.chapter03.Configuration8](8)" classname="com.farms4life2016.chapter03.TestWaifumonServicesAll" time="0.027"/>
  <testcase name="testMatchingCandidateNames[class com.farms4life2016.chapter03.Configuration9](9)" classname="com.farms4life2016.chapter03.TestWaifumonServicesAll" time="0.027"/>
  <testcase name="testMatchingCandidateNames[class com.farms4life2016.chapter03.Configuration10](10)" classname="com.farms4life2016.chapter03.TestWaifumonServicesAll" time="0.024"/>
  <testcase name="testMatchingReasonExplainationsForCandidate[/config-01.xml](1)" classname="com.farms4life2016.chapter03.TestWaifumonServicesAll" time="0.027"/>
  <testcase name="testMatchingReasonExplainationsForCandidate[/config-02.xml](2)" classname="com.farms4life2016.chapter03.TestWaifumonServicesAll" time="0.026"/>
  <testcase name="testMatchingReasonExplainationsForCandidate[/config-03.xml](3)" classname="com.farms4life2016.chapter03.TestWaifumonServicesAll" time="0.039"/>
  <testcase name="testMatchingReasonExplainationsForCandidate[/config-04.xml](4)" classname="com.farms4life2016.chapter03.TestWaifumonServicesAll" time="0.055"/>
  <testcase name="testMatchingReasonExplainationsForCandidate[/config-05.xml](5)" classname="com.farms4life2016.chapter03.TestWaifumonServicesAll" time="0.025"/>
  <testcase name="testMatchingReasonExplainationsForCandidate[/config-06.xml](6)" classname="com.farms4life2016.chapter03.TestWaifumonServicesAll" time="0.023"/>
  <testcase name="testMatchingReasonExplainationsForCandidate[class com.farms4life2016.chapter03.Configuration7](7)" classname="com.farms4life2016.chapter03.TestWaifumonServicesAll" time="0.007"/>
  <testcase name="testMatchingReasonExplainationsForCandidate[class com.farms4life2016.chapter03.Configuration8](8)" classname="com.farms4life2016.chapter03.TestWaifumonServicesAll" time="0.008"/>
  <testcase name="testMatchingReasonExplainationsForCandidate[class com.farms4life2016.chapter03.Configuration9](9)" classname="com.farms4life2016.chapter03.TestWaifumonServicesAll" time="0.01"/>
  <testcase name="testMatchingReasonExplainationsForCandidate[class com.farms4life2016.chapter03.Configuration10](10)" classname="com.farms4life2016.chapter03.TestWaifumonServicesAll" time="0.007"/>
  <testcase name="testReasonVoting[/config-01.xml](1)" classname="com.farms4life2016.chapter03.TestWaifumonServicesAll" time="0.011"/>
  <testcase name="testReasonVoting[/config-02.xml](2)" classname="com.farms4life2016.chapter03.TestWaifumonServicesAll" time="0.021"/>
  <testcase name="testReasonVoting[/config-03.xml](3)" classname="com.farms4life2016.chapter03.TestWaifumonServicesAll" time="0.033"/>
  <testcase name="testReasonVoting[/config-04.xml](4)" classname="com.farms4life2016.chapter03.TestWaifumonServicesAll" time="0.059"/>
  <testcase name="testReasonVoting[/config-05.xml](5)" classname="com.farms4life2016.chapter03.TestWaifumonServicesAll" time="0.01"/>
  <testcase name="testReasonVoting[/config-06.xml](6)" classname="com.farms4life2016.chapter03.TestWaifumonServicesAll" time="0.012"/>
  <testcase name="testReasonVoting[class com.farms4life2016.chapter03.Configuration7](7)" classname="com.farms4life2016.chapter03.TestWaifumonServicesAll" time="0.003"/>
  <testcase name="testReasonVoting[class com.farms4life2016.chapter03.Configuration8](8)" classname="com.farms4life2016.chapter03.TestWaifumonServicesAll" time="0.008"/>
  <testcase name="testReasonVoting[class com.farms4life2016.chapter03.Configuration9](9)" classname="com.farms4life2016.chapter03.TestWaifumonServicesAll" time="0.005"/>
  <testcase name="testReasonVoting[class com.farms4life2016.chapter03.Configuration10](10)" classname="com.farms4life2016.chapter03.TestWaifumonServicesAll" time="0.007"/>
  <testcase name="testReasonsForCandidate[/config-01.xml](1)" classname="com.farms4life2016.chapter03.TestWaifumonServicesAll" time="0.018"/>
  <testcase name="testReasonsForCandidate[/config-02.xml](2)" classname="com.farms4life2016.chapter03.TestWaifumonServicesAll" time="0.038"/>
  <testcase name="testReasonsForCandidate[/config-03.xml](3)" classname="com.farms4life2016.chapter03.TestWaifumonServicesAll" time="0.034"/>
  <testcase name="testReasonsForCandidate[/config-04.xml](4)" classname="com.farms4life2016.chapter03.TestWaifumonServicesAll" time="0.057"/>
  <testcase name="testReasonsForCandidate[/config-05.xml](5)" classname="com.farms4life2016.chapter03.TestWaifumonServicesAll" time="0.023"/>
  <testcase name="testReasonsForCandidate[/config-06.xml](6)" classname="com.farms4life2016.chapter03.TestWaifumonServicesAll" time="0.026"/>
  <testcase name="testReasonsForCandidate[class com.farms4life2016.chapter03.Configuration7](7)" classname="com.farms4life2016.chapter03.TestWaifumonServicesAll" time="0.005"/>
  <testcase name="testReasonsForCandidate[class com.farms4life2016.chapter03.Configuration8](8)" classname="com.farms4life2016.chapter03.TestWaifumonServicesAll" time="0.009"/>
  <testcase name="testReasonsForCandidate[class com.farms4life2016.chapter03.Configuration9](9)" classname="com.farms4life2016.chapter03.TestWaifumonServicesAll" time="0.014"/>
  <testcase name="testReasonsForCandidate[class com.farms4life2016.chapter03.Configuration10](10)" classname="com.farms4life2016.chapter03.TestWaifumonServicesAll" time="0.013"/>
  <testcase name="testRunMethod" classname="com.farms4life2016.chapter03.TestWaifumonServicesAll" time="0.002"/>
</testsuite>