<?xml version="1.0" encoding="UTF-8"?>
<!-- Generated by org.testng.reporters.JUnitReportReporter -->
<testsuite hostname="G13CH_Gaming-PC" failures="0" tests="1" name="com.farms4life2016.chapter02.GreeterTest" time="0.004" errors="0" timestamp="2024-07-22T23:23:18 EDT" skipped="0">
  <testcase classname="com.farms4life2016.chapter02.GreeterTest" name="testHelloWorld" time="0.004"/>
</testsuite> <!-- com.farms4life2016.chapter02.GreeterTest -->
