<?xml version="1.0" encoding="UTF-8"?>
<!-- Generated by org.testng.reporters.JUnitReportReporter -->
<testsuite hostname="G13CH_Gaming-PC" failures="0" tests="7" name="com.farms4life2016.chapter03.TestConfigurationImport" time="0.018" errors="0" timestamp="2024-07-24T01:17:07 EDT" skipped="0">
  <testcase classname="com.farms4life2016.chapter03.TestConfigurationImport" name="validateResourceExistence" time="0.003"/>
  <testcase classname="com.farms4life2016.chapter03.TestConfigurationImport" name="validateResourceExistence" time="0.003"/>
  <testcase classname="com.farms4life2016.chapter03.TestConfigurationImport" name="validateResourceExistence" time="0.001"/>
  <testcase classname="com.farms4life2016.chapter03.TestConfigurationImport" name="validateResourceExistence" time="0.002"/>
  <testcase classname="com.farms4life2016.chapter03.TestConfigurationImport" name="validateResourceExistence" time="0.003"/>
  <testcase classname="com.farms4life2016.chapter03.TestConfigurationImport" name="validateResourceExistence" time="0.001"/>
  <testcase classname="com.farms4life2016.chapter03.TestConfigurationImport" name="validateResourceExistence" time="0.005"/>
</testsuite> <!-- com.farms4life2016.chapter03.TestConfigurationImport -->
