<?xml version="1.0" encoding="UTF-8"?>
<!-- Generated by org.testng.reporters.JUnitReportReporter -->
<testsuite hostname="G13CH_Gaming-PC" failures="0" tests="2" name="com.farms4life2016.chapter03.TestWaifumonService1" time="0.012" errors="0" timestamp="2024-07-24T01:17:07 EDT" skipped="0">
  <testcase classname="com.farms4life2016.chapter03.TestWaifumonService1" name="testConfiguration" time="0.005"/>
  <testcase classname="com.farms4life2016.chapter03.TestWaifumonService1" name="testWaifumonService" time="0.007"/>
</testsuite> <!-- com.farms4life2016.chapter03.TestWaifumonService1 -->
