<?xml version="1.0" encoding="UTF-8"?>
<!-- Generated by org.testng.reporters.JUnitReportReporter -->
<testsuite hostname="G13CH_Gaming-PC" failures="0" tests="4" name="com.farms4life2016.chapter03.TestWaifumonService2" time="0.016" errors="0" timestamp="2024-07-24T01:17:07 EDT" skipped="0">
  <testcase classname="com.farms4life2016.chapter03.TestWaifumonService2" name="testMatchingCandidateNames" time="0.007"/>
  <testcase classname="com.farms4life2016.chapter03.TestWaifumonService2" name="testMatchingReasonExplainationsForCandidate" time="0.002"/>
  <testcase classname="com.farms4life2016.chapter03.TestWaifumonService2" name="testReasonVoting" time="0.003"/>
  <testcase classname="com.farms4life2016.chapter03.TestWaifumonService2" name="testReasonsForCandidate" time="0.004"/>
</testsuite> <!-- com.farms4life2016.chapter03.TestWaifumonService2 -->
