<?xml version="1.0" encoding="UTF-8"?>
<!-- Generated by org.testng.reporters.JUnitReportReporter -->
<testsuite hostname="G13CH_Gaming-PC" failures="0" tests="41" name="com.farms4life2016.chapter03.TestWaifumonServicesAll" time="1.218" errors="0" timestamp="2024-07-24T01:17:07 EDT" skipped="0">
  <testcase classname="com.farms4life2016.chapter03.TestWaifumonServicesAll" name="testReasonVoting" time="0.013"/>
  <testcase classname="com.farms4life2016.chapter03.TestWaifumonServicesAll" name="testReasonVoting" time="0.013"/>
  <testcase classname="com.farms4life2016.chapter03.TestWaifumonServicesAll" name="testMatchingReasonExplainationsForCandidate" time="0.027"/>
  <testcase classname="com.farms4life2016.chapter03.TestWaifumonServicesAll" name="testMatchingCandidateNames" time="0.024"/>
  <testcase classname="com.farms4life2016.chapter03.TestWaifumonServicesAll" name="testRunMethod" time="0.003"/>
  <testcase classname="com.farms4life2016.chapter03.TestWaifumonServicesAll" name="testMatchingCandidateNames" time="0.052"/>
  <testcase classname="com.farms4life2016.chapter03.TestWaifumonServicesAll" name="testMatchingReasonExplainationsForCandidate" time="0.009"/>
  <testcase classname="com.farms4life2016.chapter03.TestWaifumonServicesAll" name="testMatchingCandidateNames" time="0.030"/>
  <testcase classname="com.farms4life2016.chapter03.TestWaifumonServicesAll" name="testReasonVoting" time="0.004"/>
  <testcase classname="com.farms4life2016.chapter03.TestWaifumonServicesAll" name="testMatchingCandidateNames" time="0.084"/>
  <testcase classname="com.farms4life2016.chapter03.TestWaifumonServicesAll" name="testReasonVoting" time="0.036"/>
  <testcase classname="com.farms4life2016.chapter03.TestWaifumonServicesAll" name="testMatchingReasonExplainationsForCandidate" time="0.055"/>
  <testcase classname="com.farms4life2016.chapter03.TestWaifumonServicesAll" name="testReasonsForCandidate" time="0.026"/>
  <testcase classname="com.farms4life2016.chapter03.TestWaifumonServicesAll" name="testReasonsForCandidate" time="0.034"/>
  <testcase classname="com.farms4life2016.chapter03.TestWaifumonServicesAll" name="testReasonsForCandidate" time="0.010"/>
  <testcase classname="com.farms4life2016.chapter03.TestWaifumonServicesAll" name="testMatchingCandidateNames" time="0.023"/>
  <testcase classname="com.farms4life2016.chapter03.TestWaifumonServicesAll" name="testReasonVoting" time="0.059"/>
  <testcase classname="com.farms4life2016.chapter03.TestWaifumonServicesAll" name="testMatchingReasonExplainationsForCandidate" time="0.027"/>
  <testcase classname="com.farms4life2016.chapter03.TestWaifumonServicesAll" name="testMatchingCandidateNames" time="0.082"/>
  <testcase classname="com.farms4life2016.chapter03.TestWaifumonServicesAll" name="testMatchingReasonExplainationsForCandidate" time="0.024"/>
  <testcase classname="com.farms4life2016.chapter03.TestWaifumonServicesAll" name="testReasonVoting" time="0.008"/>
  <testcase classname="com.farms4life2016.chapter03.TestWaifumonServicesAll" name="testMatchingReasonExplainationsForCandidate" time="0.025"/>
  <testcase classname="com.farms4life2016.chapter03.TestWaifumonServicesAll" name="testMatchingCandidateNames" time="0.081"/>
  <testcase classname="com.farms4life2016.chapter03.TestWaifumonServicesAll" name="testMatchingReasonExplainationsForCandidate" time="0.010"/>
  <testcase classname="com.farms4life2016.chapter03.TestWaifumonServicesAll" name="testReasonVoting" time="0.015"/>
  <testcase classname="com.farms4life2016.chapter03.TestWaifumonServicesAll" name="testReasonVoting" time="0.009"/>
  <testcase classname="com.farms4life2016.chapter03.TestWaifumonServicesAll" name="testReasonsForCandidate" time="0.060"/>
  <testcase classname="com.farms4life2016.chapter03.TestWaifumonServicesAll" name="testReasonsForCandidate" time="0.014"/>
  <testcase classname="com.farms4life2016.chapter03.TestWaifumonServicesAll" name="testMatchingCandidateNames" time="0.072"/>
  <testcase classname="com.farms4life2016.chapter03.TestWaifumonServicesAll" name="testReasonsForCandidate" time="0.018"/>
  <testcase classname="com.farms4life2016.chapter03.TestWaifumonServicesAll" name="testReasonsForCandidate" time="0.039"/>
  <testcase classname="com.farms4life2016.chapter03.TestWaifumonServicesAll" name="testReasonVoting" time="0.022"/>
  <testcase classname="com.farms4life2016.chapter03.TestWaifumonServicesAll" name="testReasonsForCandidate" time="0.017"/>
  <testcase classname="com.farms4life2016.chapter03.TestWaifumonServicesAll" name="testReasonsForCandidate" time="0.023"/>
  <testcase classname="com.farms4life2016.chapter03.TestWaifumonServicesAll" name="testReasonVoting" time="0.006"/>
  <testcase classname="com.farms4life2016.chapter03.TestWaifumonServicesAll" name="testMatchingReasonExplainationsForCandidate" time="0.011"/>
  <testcase classname="com.farms4life2016.chapter03.TestWaifumonServicesAll" name="testMatchingReasonExplainationsForCandidate" time="0.043"/>
  <testcase classname="com.farms4life2016.chapter03.TestWaifumonServicesAll" name="testMatchingCandidateNames" time="0.068"/>
  <testcase classname="com.farms4life2016.chapter03.TestWaifumonServicesAll" name="testMatchingCandidateNames" time="0.026"/>
  <testcase classname="com.farms4life2016.chapter03.TestWaifumonServicesAll" name="testMatchingReasonExplainationsForCandidate" time="0.010"/>
  <testcase classname="com.farms4life2016.chapter03.TestWaifumonServicesAll" name="testReasonsForCandidate" time="0.006"/>
</testsuite> <!-- com.farms4life2016.chapter03.TestWaifumonServicesAll -->
