<?xml version="1.0" encoding="UTF-8"?>
<!-- Generated by org.testng.reporters.JUnitReportReporter -->
<testsuite hostname="G13CH_Gaming-PC" failures="0" tests="3" name="com.farms4life2016.chapter03.TestCappyNormalizer" time="0.005" errors="0" timestamp="2024-07-24T01:17:07 EDT" skipped="0">
  <testcase classname="com.farms4life2016.chapter03.TestCappyNormalizer" name="testCappyNormalization" time="0.005"/>
  <testcase classname="com.farms4life2016.chapter03.TestCappyNormalizer" name="testCappyNormalization" time="0.000"/>
  <testcase classname="com.farms4life2016.chapter03.TestCappyNormalizer" name="testCappyNormalization" time="0.000"/>
</testsuite> <!-- com.farms4life2016.chapter03.TestCappyNormalizer -->
